{"/var/www/restaurant-finder/backend/src/services/query.service.ts": {"path":"/var/www/restaurant-finder/backend/src/services/query.service.ts","statementMap":{"0":{"start":{"line":1,"column":0},"end":{"line":1,"column":32}},"1":{"start":{"line":3,"column":0},"end":{"line":3,"column":51}},"2":{"start":{"line":4,"column":0},"end":{"line":4,"column":41}},"3":{"start":{"line":6,"column":15},"end":{"line":8,"column":2}},"4":{"start":{"line":10,"column":36},"end":{"line":52,"column":1}},"5":{"start":{"line":14,"column":4},"end":{"line":49,"column":5}},"6":{"start":{"line":14,"column":23},"end":{"line":14,"column":24}},"7":{"start":{"line":15,"column":8},"end":{"line":48,"column":9}},"8":{"start":{"line":17,"column":29},"end":{"line":28,"column":null}},"9":{"start":{"line":30,"column":12},"end":{"line":30,"column":122}},"10":{"start":{"line":32,"column":28},"end":{"line":32,"column":72}},"11":{"start":{"line":33,"column":27},"end":{"line":33,"column":61}},"12":{"start":{"line":35,"column":12},"end":{"line":41,"column":13}},"13":{"start":{"line":38,"column":16},"end":{"line":38,"column":30}},"14":{"start":{"line":40,"column":16},"end":{"line":40,"column":62}},"15":{"start":{"line":43,"column":12},"end":{"line":43,"column":71}},"16":{"start":{"line":44,"column":12},"end":{"line":46,"column":13}},"17":{"start":{"line":45,"column":16},"end":{"line":45,"column":26}},"18":{"start":{"line":47,"column":12},"end":{"line":47,"column":92}},"19":{"start":{"line":47,"column":40},"end":{"line":47,"column":92}},"20":{"start":{"line":51,"column":4},"end":{"line":51,"column":49}},"21":{"start":{"line":10,"column":13},"end":{"line":10,"column":36}}},"fnMap":{"0":{"name":"(anonymous_0)","decl":{"start":{"line":10,"column":36},"end":{"line":10,"column":41}},"loc":{"start":{"line":13,"column":26},"end":{"line":52,"column":1}}}},"branchMap":{"0":{"loc":{"start":{"line":12,"column":4},"end":{"line":12,"column":18}},"type":"default-arg","locations":[{"start":{"line":12,"column":17},"end":{"line":12,"column":18}}]},"1":{"loc":{"start":{"line":32,"column":28},"end":{"line":32,"column":72}},"type":"binary-expr","locations":[{"start":{"line":32,"column":28},"end":{"line":32,"column":64}},{"start":{"line":32,"column":68},"end":{"line":32,"column":72}}]},"2":{"loc":{"start":{"line":35,"column":12},"end":{"line":41,"column":13}},"type":"if","locations":[{"start":{"line":35,"column":12},"end":{"line":41,"column":13}},{"start":{"line":39,"column":19},"end":{"line":41,"column":13}}]},"3":{"loc":{"start":{"line":44,"column":12},"end":{"line":46,"column":13}},"type":"if","locations":[{"start":{"line":44,"column":12},"end":{"line":46,"column":13}}]},"4":{"loc":{"start":{"line":47,"column":12},"end":{"line":47,"column":92}},"type":"if","locations":[{"start":{"line":47,"column":12},"end":{"line":47,"column":92}}]}},"s":{"0":1,"1":1,"2":1,"3":1,"4":1,"5":6,"6":6,"7":13,"8":13,"9":6,"10":6,"11":4,"12":3,"13":2,"14":1,"15":11,"16":11,"17":1,"18":10,"19":3,"20":0,"21":1},"f":{"0":6},"b":{"0":[5],"1":[6,0],"2":[2,1],"3":[1],"4":[3]}}
,"/var/www/restaurant-finder/backend/src/services/restaurant.service.ts": {"path":"/var/www/restaurant-finder/backend/src/services/restaurant.service.ts","statementMap":{"0":{"start":{"line":1,"column":0},"end":{"line":1,"column":40}},"1":{"start":{"line":2,"column":0},"end":{"line":2,"column":67}},"2":{"start":{"line":5,"column":0},"end":{"line":5,"column":60}},"3":{"start":{"line":7,"column":28},"end":{"line":53,"column":1}},"4":{"start":{"line":8,"column":23},"end":{"line":8,"column":54}},"5":{"start":{"line":10,"column":4},"end":{"line":12,"column":5}},"6":{"start":{"line":11,"column":8},"end":{"line":11,"column":70}},"7":{"start":{"line":14,"column":47},"end":{"line":18,"column":6}},"8":{"start":{"line":20,"column":4},"end":{"line":23,"column":5}},"9":{"start":{"line":21,"column":8},"end":{"line":21,"column":45}},"10":{"start":{"line":22,"column":8},"end":{"line":22,"column":45}},"11":{"start":{"line":25,"column":4},"end":{"line":25,"column":52}},"12":{"start":{"line":25,"column":21},"end":{"line":25,"column":52}},"13":{"start":{"line":26,"column":4},"end":{"line":26,"column":72}},"14":{"start":{"line":26,"column":33},"end":{"line":26,"column":72}},"15":{"start":{"line":28,"column":17},"end":{"line":31,"column":6}},"16":{"start":{"line":33,"column":19},"end":{"line":45,"column":null}},"17":{"start":{"line":35,"column":12},"end":{"line":44,"column":13}},"18":{"start":{"line":36,"column":49},"end":{"line":38,"column":null}},"19":{"start":{"line":40,"column":16},"end":{"line":40,"column":93}},"20":{"start":{"line":42,"column":16},"end":{"line":42,"column":87}},"21":{"start":{"line":43,"column":16},"end":{"line":43,"column":76}},"22":{"start":{"line":48,"column":4},"end":{"line":48,"column":38}},"23":{"start":{"line":48,"column":24},"end":{"line":48,"column":38}},"24":{"start":{"line":50,"column":21},"end":{"line":50,"column":78}},"25":{"start":{"line":52,"column":4},"end":{"line":52,"column":20}},"26":{"start":{"line":7,"column":13},"end":{"line":7,"column":28}},"27":{"start":{"line":55,"column":37},"end":{"line":62,"column":1}},"28":{"start":{"line":57,"column":21},"end":{"line":58,"column":null}},"29":{"start":{"line":58,"column":19},"end":{"line":58,"column":65}},"30":{"start":{"line":61,"column":4},"end":{"line":61,"column":20}}},"fnMap":{"0":{"name":"(anonymous_0)","decl":{"start":{"line":7,"column":28},"end":{"line":7,"column":33}},"loc":{"start":{"line":7,"column":102},"end":{"line":53,"column":1}}},"1":{"name":"(anonymous_1)","decl":{"start":{"line":34,"column":25},"end":{"line":34,"column":30}},"loc":{"start":{"line":34,"column":41},"end":{"line":45,"column":9}}},"2":{"name":"(anonymous_2)","decl":{"start":{"line":55,"column":37},"end":{"line":55,"column":42}},"loc":{"start":{"line":55,"column":117},"end":{"line":62,"column":1}}},"3":{"name":"(anonymous_3)","decl":{"start":{"line":58,"column":8},"end":{"line":58,"column":9}},"loc":{"start":{"line":58,"column":19},"end":{"line":58,"column":65}}}},"branchMap":{"0":{"loc":{"start":{"line":8,"column":23},"end":{"line":8,"column":54}},"type":"binary-expr","locations":[{"start":{"line":8,"column":23},"end":{"line":8,"column":48}},{"start":{"line":8,"column":52},"end":{"line":8,"column":54}}]},"1":{"loc":{"start":{"line":10,"column":4},"end":{"line":12,"column":5}},"type":"if","locations":[{"start":{"line":10,"column":4},"end":{"line":12,"column":5}}]},"2":{"loc":{"start":{"line":20,"column":4},"end":{"line":23,"column":5}},"type":"if","locations":[{"start":{"line":20,"column":4},"end":{"line":23,"column":5}}]},"3":{"loc":{"start":{"line":25,"column":4},"end":{"line":25,"column":52}},"type":"if","locations":[{"start":{"line":25,"column":4},"end":{"line":25,"column":52}}]},"4":{"loc":{"start":{"line":26,"column":4},"end":{"line":26,"column":72}},"type":"if","locations":[{"start":{"line":26,"column":4},"end":{"line":26,"column":72}}]},"5":{"loc":{"start":{"line":48,"column":4},"end":{"line":48,"column":38}},"type":"if","locations":[{"start":{"line":48,"column":4},"end":{"line":48,"column":38}}]},"6":{"loc":{"start":{"line":58,"column":19},"end":{"line":58,"column":65}},"type":"binary-expr","locations":[{"start":{"line":58,"column":19},"end":{"line":58,"column":39}},{"start":{"line":58,"column":43},"end":{"line":58,"column":65}}]}},"s":{"0":1,"1":1,"2":1,"3":1,"4":5,"5":5,"6":1,"7":4,"8":4,"9":1,"10":1,"11":4,"12":1,"13":4,"14":1,"15":4,"16":4,"17":0,"18":0,"19":0,"20":0,"21":0,"22":4,"23":4,"24":0,"25":0,"26":1,"27":1,"28":0,"29":0,"30":0},"f":{"0":5,"1":0,"2":0,"3":0},"b":{"0":[5,1],"1":[1],"2":[1],"3":[1],"4":[1],"5":[4],"6":[0,0]}}
,"/var/www/restaurant-finder/backend/src/utils/http.ts": {"path":"/var/www/restaurant-finder/backend/src/utils/http.ts","statementMap":{"0":{"start":{"line":1,"column":0},"end":{"line":1,"column":64}},"1":{"start":{"line":3,"column":22},"end":{"line":7,"column":2}},"2":{"start":{"line":10,"column":0},"end":{"line":18,"column":3}},"3":{"start":{"line":11,"column":17},"end":{"line":11,"column":47}},"4":{"start":{"line":12,"column":2},"end":{"line":15,"column":5}},"5":{"start":{"line":17,"column":2},"end":{"line":17,"column":16}},"6":{"start":{"line":20,"column":23},"end":{"line":26,"column":1}},"7":{"start":{"line":24,"column":19},"end":{"line":24,"column":58}},"8":{"start":{"line":25,"column":2},"end":{"line":25,"column":23}},"9":{"start":{"line":20,"column":13},"end":{"line":20,"column":23}},"10":{"start":{"line":28,"column":24},"end":{"line":35,"column":1}},"11":{"start":{"line":33,"column":19},"end":{"line":33,"column":65}},"12":{"start":{"line":34,"column":2},"end":{"line":34,"column":23}},"13":{"start":{"line":28,"column":13},"end":{"line":28,"column":24}},"14":{"start":{"line":37,"column":23},"end":{"line":44,"column":1}},"15":{"start":{"line":42,"column":19},"end":{"line":42,"column":64}},"16":{"start":{"line":43,"column":2},"end":{"line":43,"column":23}},"17":{"start":{"line":37,"column":13},"end":{"line":37,"column":23}}},"fnMap":{"0":{"name":"(anonymous_9)","decl":{"start":{"line":10,"column":39},"end":{"line":10,"column":40}},"loc":{"start":{"line":10,"column":50},"end":{"line":18,"column":1}}},"1":{"name":"(anonymous_10)","decl":{"start":{"line":20,"column":23},"end":{"line":20,"column":28}},"loc":{"start":{"line":23,"column":16},"end":{"line":26,"column":1}}},"2":{"name":"(anonymous_11)","decl":{"start":{"line":28,"column":24},"end":{"line":28,"column":29}},"loc":{"start":{"line":32,"column":16},"end":{"line":35,"column":1}}},"3":{"name":"(anonymous_12)","decl":{"start":{"line":37,"column":23},"end":{"line":37,"column":28}},"loc":{"start":{"line":41,"column":16},"end":{"line":44,"column":1}}}},"branchMap":{"0":{"loc":{"start":{"line":14,"column":19},"end":{"line":14,"column":31}},"type":"binary-expr","locations":[{"start":{"line":14,"column":19},"end":{"line":14,"column":25}},{"start":{"line":14,"column":29},"end":{"line":14,"column":31}}]}},"s":{"0":1,"1":1,"2":1,"3":0,"4":0,"5":0,"6":1,"7":0,"8":0,"9":1,"10":1,"11":0,"12":0,"13":1,"14":1,"15":0,"16":0,"17":1},"f":{"0":0,"1":0,"2":0,"3":0},"b":{"0":[0,0]}}
,"/var/www/restaurant-finder/backend/src/utils/loadCategories.ts": {"path":"/var/www/restaurant-finder/backend/src/utils/loadCategories.ts","statementMap":{"0":{"start":{"line":15,"column":0},"end":{"line":15,"column":7}},"1":{"start":{"line":1,"column":0},"end":{"line":1,"column":20}},"2":{"start":{"line":2,"column":0},"end":{"line":2,"column":24}},"3":{"start":{"line":3,"column":0},"end":{"line":3,"column":29}},"4":{"start":{"line":12,"column":31},"end":{"line":12,"column":33}},"5":{"start":{"line":13,"column":42},"end":{"line":13,"column":44}},"6":{"start":{"line":16,"column":18},"end":{"line":16,"column":83}},"7":{"start":{"line":17,"column":33},"end":{"line":17,"column":35}},"8":{"start":{"line":19,"column":2},"end":{"line":37,"column":5}},"9":{"start":{"line":20,"column":4},"end":{"line":36,"column":27}},"10":{"start":{"line":23,"column":21},"end":{"line":23,"column":52}},"11":{"start":{"line":24,"column":19},"end":{"line":24,"column":34}},"12":{"start":{"line":25,"column":22},"end":{"line":25,"column":40}},"13":{"start":{"line":27,"column":35},"end":{"line":27,"column":73}},"14":{"start":{"line":28,"column":8},"end":{"line":28,"column":34}},"15":{"start":{"line":30,"column":8},"end":{"line":30,"column":31}},"16":{"start":{"line":33,"column":8},"end":{"line":33,"column":34}},"17":{"start":{"line":34,"column":8},"end":{"line":34,"column":28}},"18":{"start":{"line":40,"column":33},"end":{"line":55,"column":1}},"19":{"start":{"line":41,"column":15},"end":{"line":41,"column":77}},"20":{"start":{"line":43,"column":2},"end":{"line":43,"column":50}},"21":{"start":{"line":43,"column":25},"end":{"line":43,"column":50}},"22":{"start":{"line":45,"column":2},"end":{"line":52,"column":3}},"23":{"start":{"line":46,"column":4},"end":{"line":51,"column":5}},"24":{"start":{"line":50,"column":6},"end":{"line":50,"column":25}},"25":{"start":{"line":54,"column":2},"end":{"line":54,"column":19}},"26":{"start":{"line":40,"column":13},"end":{"line":40,"column":33}}},"fnMap":{"0":{"name":"loadCategories","decl":{"start":{"line":15,"column":22},"end":{"line":15,"column":36}},"loc":{"start":{"line":15,"column":36},"end":{"line":38,"column":1}}},"1":{"name":"(anonymous_2)","decl":{"start":{"line":19,"column":21},"end":{"line":19,"column":22}},"loc":{"start":{"line":19,"column":41},"end":{"line":37,"column":3}}},"2":{"name":"(anonymous_3)","decl":{"start":{"line":22,"column":18},"end":{"line":22,"column":19}},"loc":{"start":{"line":22,"column":26},"end":{"line":31,"column":7}}},"3":{"name":"(anonymous_4)","decl":{"start":{"line":32,"column":17},"end":{"line":32,"column":20}},"loc":{"start":{"line":32,"column":22},"end":{"line":35,"column":7}}},"4":{"name":"(anonymous_5)","decl":{"start":{"line":40,"column":33},"end":{"line":40,"column":34}},"loc":{"start":{"line":40,"column":72},"end":{"line":55,"column":1}}}},"branchMap":{"0":{"loc":{"start":{"line":43,"column":2},"end":{"line":43,"column":50}},"type":"if","locations":[{"start":{"line":43,"column":2},"end":{"line":43,"column":50}}]},"1":{"loc":{"start":{"line":46,"column":4},"end":{"line":51,"column":5}},"type":"if","locations":[{"start":{"line":46,"column":4},"end":{"line":51,"column":5}}]},"2":{"loc":{"start":{"line":47,"column":6},"end":{"line":48,"column":49}},"type":"binary-expr","locations":[{"start":{"line":47,"column":6},"end":{"line":47,"column":48}},{"start":{"line":48,"column":6},"end":{"line":48,"column":49}}]}},"s":{"0":1,"1":1,"2":1,"3":1,"4":1,"5":1,"6":0,"7":0,"8":0,"9":0,"10":0,"11":0,"12":0,"13":0,"14":0,"15":0,"16":0,"17":0,"18":1,"19":0,"20":0,"21":0,"22":0,"23":0,"24":0,"25":0,"26":1},"f":{"0":0,"1":0,"2":0,"3":0,"4":0},"b":{"0":[0],"1":[0],"2":[0,0]}}
,"/var/www/restaurant-finder/backend/src/utils/prompt.ts": {"path":"/var/www/restaurant-finder/backend/src/utils/prompt.ts","statementMap":{"0":{"start":{"line":1,"column":13},"end":{"line":46,"column":2}}},"fnMap":{},"branchMap":{},"s":{"0":1},"f":{},"b":{}}
}
