TN:
SF:src/services/query.service.ts
FN:10,(anonymous_0)
FNF:1
FNH:1
FNDA:6,(anonymous_0)
DA:1,1
DA:3,1
DA:4,1
DA:6,1
DA:10,1
DA:14,6
DA:15,13
DA:17,13
DA:30,6
DA:32,6
DA:33,4
DA:35,3
DA:38,2
DA:40,1
DA:43,11
DA:44,11
DA:45,1
DA:47,10
DA:51,0
LF:19
LH:18
BRDA:12,0,0,5
BRDA:32,1,0,6
BRDA:32,1,1,0
BRDA:35,2,0,2
BRDA:35,2,1,1
BRDA:44,3,0,1
BRDA:47,4,0,3
BRF:7
BRH:6
end_of_record
TN:
SF:src/services/restaurant.service.ts
FN:7,(anonymous_0)
FN:34,(anonymous_1)
FN:55,(anonymous_2)
FN:58,(anonymous_3)
FNF:4
FNH:1
FNDA:5,(anonymous_0)
FNDA:0,(anonymous_1)
FNDA:0,(anonymous_2)
FNDA:0,(anonymous_3)
DA:1,1
DA:2,1
DA:5,1
DA:7,1
DA:8,5
DA:10,5
DA:11,1
DA:14,4
DA:20,4
DA:21,1
DA:22,1
DA:25,4
DA:26,4
DA:28,4
DA:33,4
DA:35,0
DA:36,0
DA:40,0
DA:42,0
DA:43,0
DA:48,4
DA:50,0
DA:52,0
DA:55,1
DA:57,0
DA:58,0
DA:61,0
LF:27
LH:17
BRDA:8,0,0,5
BRDA:8,0,1,1
BRDA:10,1,0,1
BRDA:20,2,0,1
BRDA:25,3,0,1
BRDA:26,4,0,1
BRDA:48,5,0,4
BRDA:58,6,0,0
BRDA:58,6,1,0
BRF:9
BRH:7
end_of_record
TN:
SF:src/utils/http.ts
FN:10,(anonymous_9)
FN:20,(anonymous_10)
FN:28,(anonymous_11)
FN:37,(anonymous_12)
FNF:4
FNH:0
FNDA:0,(anonymous_9)
FNDA:0,(anonymous_10)
FNDA:0,(anonymous_11)
FNDA:0,(anonymous_12)
DA:1,1
DA:3,1
DA:10,1
DA:11,0
DA:12,0
DA:17,0
DA:20,1
DA:24,0
DA:25,0
DA:28,1
DA:33,0
DA:34,0
DA:37,1
DA:42,0
DA:43,0
LF:15
LH:6
BRDA:14,0,0,0
BRDA:14,0,1,0
BRF:2
BRH:0
end_of_record
TN:
SF:src/utils/loadCategories.ts
FN:15,loadCategories
FN:19,(anonymous_2)
FN:22,(anonymous_3)
FN:32,(anonymous_4)
FN:40,(anonymous_5)
FNF:5
FNH:0
FNDA:0,loadCategories
FNDA:0,(anonymous_2)
FNDA:0,(anonymous_3)
FNDA:0,(anonymous_4)
FNDA:0,(anonymous_5)
DA:1,1
DA:2,1
DA:3,1
DA:12,1
DA:13,1
DA:15,1
DA:16,0
DA:17,0
DA:19,0
DA:20,0
DA:23,0
DA:24,0
DA:25,0
DA:27,0
DA:28,0
DA:30,0
DA:33,0
DA:34,0
DA:40,1
DA:41,0
DA:43,0
DA:45,0
DA:46,0
DA:50,0
DA:54,0
LF:25
LH:7
BRDA:43,0,0,0
BRDA:46,1,0,0
BRDA:47,2,0,0
BRDA:47,2,1,0
BRF:4
BRH:0
end_of_record
TN:
SF:src/utils/prompt.ts
FNF:0
FNH:0
DA:1,1
LF:1
LH:1
BRF:0
BRH:0
end_of_record
